[11:17:38] [main/INFO] [GradleStart]: No arguments specified, assuming client.
[11:17:38] [main/INFO] [GradleStart]: Extra: []
[11:17:38] [main/INFO] [GradleStart]: Running with arguments: [--userProperties, {}, --assetsDir, C:/Users/Jacob/.gradle/caches/minecraft/assets, --assetIndex, 1.7.10, --accessToken, FML, --version, 1.7.10, --tweakClass, cpw.mods.fml.common.launcher.FMLTweaker, --username, ForgeDevName]
[11:17:38] [main/INFO] [LaunchWrapper]: Loading tweak class name cpw.mods.fml.common.launcher.FMLTweaker
[11:17:38] [main/INFO] [LaunchWrapper]: Using primary tweak class name cpw.mods.fml.common.launcher.FMLTweaker
[11:17:38] [main/INFO] [LaunchWrapper]: Calling tweak class cpw.mods.fml.common.launcher.FMLTweaker
[11:19:32] [main/INFO] [GradleStart]: No arguments specified, assuming client.
[11:19:32] [main/INFO] [GradleStart]: Extra: []
[11:19:32] [main/INFO] [GradleStart]: Running with arguments: [--userProperties, {}, --assetsDir, C:/Users/Jacob/.gradle/caches/minecraft/assets, --assetIndex, 1.7.10, --accessToken, FML, --version, 1.7.10, --tweakClass, cpw.mods.fml.common.launcher.FMLTweaker, --username, ForgeDevName]
[11:19:32] [main/INFO] [LaunchWrapper]: Loading tweak class name cpw.mods.fml.common.launcher.FMLTweaker
[11:19:32] [main/INFO] [LaunchWrapper]: Using primary tweak class name cpw.mods.fml.common.launcher.FMLTweaker
[11:19:32] [main/INFO] [LaunchWrapper]: Calling tweak class cpw.mods.fml.common.launcher.FMLTweaker
[11:23:06] [main/INFO] [GradleStart]: No arguments specified, assuming client.
[11:23:06] [main/INFO] [GradleStart]: Extra: []
[11:23:06] [main/INFO] [GradleStart]: Running with arguments: [--userProperties, {}, --assetsDir, C:/Users/Jacob/.gradle/caches/minecraft/assets, --assetIndex, 1.7.10, --accessToken, FML, --version, 1.7.10, --tweakClass, cpw.mods.fml.common.launcher.FMLTweaker, --username, ForgeDevName]
[11:23:06] [main/INFO] [LaunchWrapper]: Loading tweak class name cpw.mods.fml.common.launcher.FMLTweaker
[11:23:06] [main/INFO] [LaunchWrapper]: Using primary tweak class name cpw.mods.fml.common.launcher.FMLTweaker
[11:23:06] [main/INFO] [LaunchWrapper]: Calling tweak class cpw.mods.fml.common.launcher.FMLTweaker
[11:25:49] [main/INFO] [GradleStart]: No arguments specified, assuming client.
[11:25:49] [main/INFO] [GradleStart]: Extra: []
[11:25:50] [main/INFO] [GradleStart]: Running with arguments: [--userProperties, {}, --assetsDir, C:/Users/Jacob/.gradle/caches/minecraft/assets, --assetIndex, 1.7.10, --accessToken, FML, --version, 1.7.10, --tweakClass, cpw.mods.fml.common.launcher.FMLTweaker, --username, ForgeDevName]
[11:25:50] [main/INFO] [LaunchWrapper]: Loading tweak class name cpw.mods.fml.common.launcher.FMLTweaker
[11:25:50] [main/INFO] [LaunchWrapper]: Using primary tweak class name cpw.mods.fml.common.launcher.FMLTweaker
[11:25:50] [main/INFO] [LaunchWrapper]: Calling tweak class cpw.mods.fml.common.launcher.FMLTweaker
[11:29:11] [main/INFO] [GradleStart]: No arguments specified, assuming client.
[11:29:11] [main/INFO] [GradleStart]: Extra: []
[11:29:11] [main/INFO] [GradleStart]: Running with arguments: [--userProperties, {}, --assetsDir, C:/Users/Jacob/.gradle/caches/minecraft/assets, --assetIndex, 1.7.10, --accessToken, FML, --version, 1.7.10, --tweakClass, cpw.mods.fml.common.launcher.FMLTweaker, --username, ForgeDevName]
[11:29:11] [main/INFO] [LaunchWrapper]: Loading tweak class name cpw.mods.fml.common.launcher.FMLTweaker
[11:29:11] [main/INFO] [LaunchWrapper]: Using primary tweak class name cpw.mods.fml.common.launcher.FMLTweaker
[11:29:11] [main/INFO] [LaunchWrapper]: Calling tweak class cpw.mods.fml.common.launcher.FMLTweaker
